This is node 0 , mylength is 24
On node 0 the input data is:
1804289383
846930886
1681692777
1714636915
1957747793
424238335
719885386
1649760492
596516649
1189641421
1025202362
1350490027
783368690
1102520059
2044897763
1967513926
1365180540
1540383426
304089172
1303455736
35005211
521595368
294702567
1726956429

After Sort:
35005211
294702567
304089172
424238335
521595368
596516649
719885386
783368690
846930886
1025202362
1102520059
1189641421
1303455736
1350490027
1365180540
1540383426
1649760492
1681692777
1714636915
1726956429
1804289383
1957747793
1967513926
2044897763


On node 29, length: 0 the sorted data is : 
8614858
21468264
35005211
35005211
87517201
126313438
142559277
149585093
190686788
260874575
294702567
294702567
304089172
304089172
310914940
374612515
378651393
396476315
424238335
424238335
483147985
495649264
521595368
521595368
552076975
582691149
591232730
596516649
596516649


