This is node 1 , mylength is 24
On node 1 the input data is:
1804289383
846930886
1681692777
1714636915
1957747793
424238335
719885386
1649760492
596516649
1189641421
1025202362
1350490027
783368690
1102520059
2044897763
1967513926
1365180540
1540383426
304089172
1303455736
35005211
521595368
294702567
1726956429

After Sort:
35005211
294702567
304089172
424238335
521595368
596516649
719885386
783368690
846930886
1025202362
1102520059
1189641421
1303455736
1350490027
1365180540
1540383426
1649760492
1681692777
1714636915
1726956429
1804289383
1957747793
1967513926
2044897763


On node 14, length: 1 the sorted data is : 
612121425
635050179
693014654
719885386
719885386
747983061
783368690
783368690
787097142
820715049
844158168
846930886
846930886
906156498

