This is node 2 , mylength is 24
On node 2 the input data is:
1505335290
1738766719
190686788
260874575
747983061
906156498
1502820864
142559277
1261608745
1380759627
2127304342
635050179
582691149
149585093
2039335037
820715049
693014654
2122498773
1809302367
591232730
1281246002
1194903572
1820868569
396476315

After Sort:
142559277
149585093
190686788
260874575
396476315
582691149
591232730
635050179
693014654
747983061
820715049
906156498
1194903572
1261608745
1281246002
1380759627
1502820864
1505335290
1738766719
1809302367
1820868569
2039335037
2122498773
2127304342


On node 12, length: 2 the sorted data is : 
953350440
953369895
989089924
1025202362
1025202362
1102520059
1102520059
1189641421
1189641421
1194903572
1205554746
1207815258

