This is node 3 , mylength is 24
On node 3 the input data is:
1205554746
483147985
844158168
953350440
612121425
310914940
1210224072
1856883376
1922860801
495649264
8614858
989089924
378651393
1344681739
2029100602
1816952841
21468264
552076975
87517201
953369895
374612515
787097142
126313438
1207815258

After Sort:
8614858
21468264
87517201
126313438
310914940
374612515
378651393
483147985
495649264
552076975
612121425
787097142
844158168
953350440
953369895
989089924
1205554746
1207815258
1210224072
1344681739
1816952841
1856883376
1922860801
2029100602


On node 41, length: 3 the sorted data is : 
1210224072
1261608745
1281246002
1303455736
1303455736
1344681739
1350490027
1350490027
1365180540
1365180540
1380759627
1502820864
1505335290
1540383426
1540383426
1649760492
1649760492
1681692777
1681692777
1714636915
1714636915
1726956429
1726956429
1738766719
1804289383
1804289383
1809302367
1816952841
1820868569
1856883376
1922860801
1957747793
1957747793
1967513926
1967513926
2029100602
2039335037
2044897763
2044897763
2122498773
2127304342

